<?xml version="1.0" encoding="UTF-8"?>
<testsuite name="com.osk2090.pms.AppTest" tests="1" skipped="0" failures="0" errors="0" timestamp="2021-03-14T15:16:21" hostname="nolaeng-ui-MacBook-Pro.local" time="0.004">
  <properties/>
  <testcase name="testAppHasAGreeting" classname="com.osk2090.pms.AppTest" time="0.004"/>
  <system-out><![CDATA[]]></system-out>
  <system-err><![CDATA[]]></system-err>
</testsuite>
