<?xml version="1.0" encoding="UTF-8"?>
<testsuite name="com.osk2090.pms.AppTest" tests="1" skipped="0" failures="0" errors="0" timestamp="2021-04-03T17:12:44" hostname="nolaeng-ui-MacBook-Pro.local" time="0.003">
  <properties/>
  <testcase name="testAppHasAGreeting" classname="com.osk2090.pms.AppTest" time="0.003"/>
  <system-out><![CDATA[]]></system-out>
  <system-err><![CDATA[]]></system-err>
</testsuite>
